<?xml version="1.0" encoding="UTF-8"?>
<testsuite xmlns:xsi="http://www.w3.org/2001/XMLSchema-instance" xsi:noNamespaceSchemaLocation="https://maven.apache.org/surefire/maven-surefire-plugin/xsd/surefire-test-report.xsd" version="3.0.2" name="com.example.app.View.StudentAttendanceTrackingTest" time="7.608" tests="21" errors="0" skipped="0" failures="0">
  <properties>
[...]
</properties>
  <testcase name="testStatusBadgeShape" classname="com.example.app.View.StudentAttendanceTrackingTest" time="0.282"/>
  <testcase name="testAttendanceListSpacing" classname="com.example.app.View.StudentAttendanceTrackingTest" time="0.271"/>
  <testcase name="testMyohassaStyle" classname="com.example.app.View.StudentAttendanceTrackingTest" time="0.273"/>
  <testcase name="testSidebarNavAndCircles" classname="com.example.app.View.StudentAttendanceTrackingTest" time="0.275"/>
  <testcase name="testContentSections" classname="com.example.app.View.StudentAttendanceTrackingTest" time="0.275"/>
  <testcase name="testSidebarUser" classname="com.example.app.View.StudentAttendanceTrackingTest" time="0.3"/>
  <testcase name="testLayoutStructure" classname="com.example.app.View.StudentAttendanceTrackingTest" time="0.388"/>
  <testcase name="testPoissaStyle" classname="com.example.app.View.StudentAttendanceTrackingTest" time="0.403"/>
  <testcase name="testPaikallaStyle" classname="com.example.app.View.StudentAttendanceTrackingTest" time="0.39"/>
  <testcase name="testRowStyle" classname="com.example.app.View.StudentAttendanceTrackingTest" time="0.387"/>
  <testcase name="testRowDateBoxes" classname="com.example.app.View.StudentAttendanceTrackingTest" time="0.385"/>
  <testcase name="testSidebarBrand" classname="com.example.app.View.StudentAttendanceTrackingTest" time="0.388"/>
  <testcase name="testSidebarWidth" classname="com.example.app.View.StudentAttendanceTrackingTest" time="0.386"/>
  <testcase name="testDivider" classname="com.example.app.View.StudentAttendanceTrackingTest" time="0.391"/>
  <testcase name="testRowStatuses" classname="com.example.app.View.StudentAttendanceTrackingTest" time="0.388"/>
  <testcase name="testHeader" classname="com.example.app.View.StudentAttendanceTrackingTest" time="0.386"/>
  <testcase name="testThreeAttendanceRows" classname="com.example.app.View.StudentAttendanceTrackingTest" time="0.386"/>
  <testcase name="testRowLesson" classname="com.example.app.View.StudentAttendanceTrackingTest" time="0.385"/>
  <testcase name="testSummaryCounts" classname="com.example.app.View.StudentAttendanceTrackingTest" time="0.392"/>
  <testcase name="testNoPrematureBack" classname="com.example.app.View.StudentAttendanceTrackingTest" time="0.465"/>
  <testcase name="testStatusCircleRadius" classname="com.example.app.View.StudentAttendanceTrackingTest" time="0.39"/>
</testsuite>